#
# A fatal error has been detected by the Java Runtime Environment:
#
#  Internal Error (safepoint.cpp:310), pid=26545, tid=0x0000000000003603
#  guarantee(PageArmed == 0) failed: invariant
#
# JRE version: Java(TM) SE Runtime Environment (8.0_201-b09) (build 1.8.0_201-b09)
# Java VM: Java HotSpot(TM) 64-Bit Server VM (25.201-b09 mixed mode bsd-amd64 compressed oops)
# Failed to write core dump. Core dumps have been disabled. To enable core dumping, try "ulimit -c unlimited" before starting Java again
#
# If you would like to submit a bug report, please visit:
#   http://bugreport.java.com/bugreport/crash.jsp
#

---------------  T H R E A D  ---------------

Current thread (0x00007fafa285d800):  VMThread [stack: 0x0000000305c94000,0x0000000305d94000] [id=13827]

Stack: [0x0000000305c94000,0x0000000305d94000],  sp=0x0000000305d939d0,  free space=1022k
Native frames: (J=compiled Java code, j=interpreted, Vv=VM code, C=native code)
V  [libjvm.dylib+0x5b6a2e]  VMError::report_and_die()+0x3f8
V  [libjvm.dylib+0x1e9b21]  report_vm_error(char const*, int, char const*, char const*)+0x54
V  [libjvm.dylib+0x4e7052]  SafepointSynchronize::begin()+0x2c8
V  [libjvm.dylib+0x5bd083]  VMThread::loop()+0x319
V  [libjvm.dylib+0x5bc9b1]  VMThread::run()+0x79
V  [libjvm.dylib+0x48f3ca]  java_start(Thread*)+0xf6
C  [libsystem_pthread.dylib+0x68fc]  _pthread_start+0xe0
C  [libsystem_pthread.dylib+0x2443]  thread_start+0xf

VM_Operation (0x000000030705a728): RevokeBias, mode: safepoint, requested by thread 0x00007fafa29b1000


---------------  P R O C E S S  ---------------

Java Threads: ( => current thread )
  0x00007fafa29b1000 JavaThread "SIGTERM handler" daemon [_thread_blocked, id=83215, stack(0x0000000306f5b000,0x000000030705b000)]
  0x00007faf73808800 JavaThread "Thread-120" daemon [_thread_in_Java, id=18207, stack(0x0000000306dd2000,0x0000000306ed2000)]
  0x00007faf92849800 JavaThread "SIGHUP handler" daemon [_thread_in_vm, id=84055, stack(0x0000000305f9d000,0x000000030609d000)]
  0x00007faf83011800 JavaThread "Thread-115" daemon [_thread_in_vm, id=82295, stack(0x0000000306ccf000,0x0000000306dcf000)]
  0x00007faf72808800 JavaThread "Thread-114" daemon [_thread_in_vm, id=47339, stack(0x0000000306bcc000,0x0000000306ccc000)]
  0x00007fafa3064000 JavaThread "Thread-113" daemon [_thread_in_vm, id=82459, stack(0x0000000306ac9000,0x0000000306bc9000)]
  0x00007fafa28b6800 JavaThread "Thread-109" daemon [_thread_in_vm, id=81207, stack(0x00000003069c6000,0x0000000306ac6000)]
  0x00007fafa29be000 JavaThread "Thread-4" [_thread_in_vm, id=38979, stack(0x00000003068c3000,0x00000003069c3000)]
  0x00007fafa29ca800 JavaThread "Thread-3" [_thread_in_vm, id=24367, stack(0x00000003067c0000,0x00000003068c0000)]
  0x00007fafa28cb800 JavaThread "Service Thread" daemon [_thread_blocked, id=22535, stack(0x00000003065ba000,0x00000003066ba000)]
  0x00007fafa3018000 JavaThread "C1 CompilerThread3" daemon [_thread_blocked, id=41987, stack(0x00000003064b7000,0x00000003065b7000)]
  0x00007fafa3017000 JavaThread "C2 CompilerThread2" daemon [_thread_blocked, id=42499, stack(0x00000003063b4000,0x00000003064b4000)]
  0x00007fafa2893000 JavaThread "C2 CompilerThread1" daemon [_thread_blocked, id=43011, stack(0x00000003062b1000,0x00000003063b1000)]
  0x00007fafa3012000 JavaThread "C2 CompilerThread0" daemon [_thread_blocked, id=43267, stack(0x00000003061ae000,0x00000003062ae000)]
  0x00007fafa286b000 JavaThread "Signal Dispatcher" daemon [_thread_blocked, id=17411, stack(0x00000003060ab000,0x00000003061ab000)]
  0x00007fafa2868800 JavaThread "Finalizer" daemon [_thread_blocked, id=15135, stack(0x0000000305e9a000,0x0000000305f9a000)]
  0x00007fafa2862000 JavaThread "Reference Handler" daemon [_thread_blocked, id=14371, stack(0x0000000305d97000,0x0000000305e97000)]
  0x00007fafa280f000 JavaThread "main" [_thread_in_vm, id=6659, stack(0x0000000305379000,0x0000000305479000)]

Other Threads:
=>0x00007fafa285d800 VMThread [stack: 0x0000000305c94000,0x0000000305d94000] [id=13827]
  0x00007fafa3014800 WatcherThread [stack: 0x00000003066bd000,0x00000003067bd000] [id=40711]

VM state:synchronizing (normal execution)

VM Mutex/Monitor currently owned by a thread:  ([mutex/lock_event])
[0x00007fafa24137f0] Safepoint_lock - owner thread: 0x00007fafa285d800
[0x00007fafa2413870] Threads_lock - owner thread: 0x00007fafa285d800

heap address: 0x0000000740000000, size: 2048 MB, Compressed Oops mode: Zero based, Oop shift amount: 3
Narrow klass base: 0x0000000000000000, Narrow klass shift: 3
Compressed class space size: 1073741824 Address: 0x00000007c0000000

Heap:
 PSYoungGen      total 38400K, used 4377K [0x0000000795580000, 0x0000000798000000, 0x00000007c0000000)
  eden space 33280K, 13% used [0x0000000795580000,0x00000007959c6578,0x0000000797600000)
  from space 5120K, 0% used [0x0000000797b00000,0x0000000797b00000,0x0000000798000000)
  to   space 5120K, 0% used [0x0000000797600000,0x0000000797600000,0x0000000797b00000)
 ParOldGen       total 87552K, used 1164K [0x0000000740000000, 0x0000000745580000, 0x0000000795580000)
  object space 87552K, 1% used [0x0000000740000000,0x00000007401230d0,0x0000000745580000)
 Metaspace       used 5595K, capacity 5694K, committed 5760K, reserved 1056768K
  class space    used 596K, capacity 602K, committed 640K, reserved 1048576K

Card table byte_map: [0x000000011e277000,0x000000011e678000] byte_map_base: 0x000000011a877000

Marking Bits: (ParMarkBitMap*) 0x000000010d8fbe40
 Begin Bits: [0x000000011e923000, 0x0000000120923000)
 End Bits:   [0x0000000120923000, 0x0000000122923000)

Polling page: 0x0000000108eb0000

CodeCache: size=245760Kb used=2502Kb max_used=2515Kb free=243257Kb
 bounds [0x000000010eeb7000, 0x000000010f137000, 0x000000011deb7000]
 total_blobs=940 nmethods=634 adapters=221
 compilation: enabled

Compilation events (10 events):
Event: 17.081 Thread 0x00007fafa3017000  631       4       java.util.regex.Pattern$Curly::match (86 bytes)
Event: 17.085 Thread 0x00007fafa2893000 nmethod 630 0x000000010f11c650 code [0x000000010f11c7e0, 0x000000010f11ca28]
Event: 17.086 Thread 0x00007fafa3018000  632       1       java.lang.ThreadGroup::getMaxPriority (5 bytes)
Event: 17.086 Thread 0x00007fafa3018000 nmethod 632 0x000000010f108150 code [0x000000010f1082a0, 0x000000010f1083b0]
Event: 17.101 Thread 0x00007fafa3017000 nmethod 631 0x000000010f12cc50 code [0x000000010f12cee0, 0x000000010f12de28]
Event: 17.125 Thread 0x00007fafa3018000  633       1       java.lang.Thread::isDaemon (5 bytes)
Event: 17.125 Thread 0x00007fafa3018000 nmethod 633 0x000000010f11c390 code [0x000000010f11c4e0, 0x000000010f11c5f0]
Event: 17.125 Thread 0x00007fafa3018000  634       1       java.lang.Thread::getPriority (5 bytes)
Event: 17.125 Thread 0x00007fafa3018000 nmethod 634 0x000000010f12c990 code [0x000000010f12cae0, 0x000000010f12cbf0]
Event: 44650.292 Thread 0x00007fafa3018000  635       3       java.lang.Thread::checkAccess (14 bytes)

GC Heap History (6 events):
Event: 13.825 GC heap before
{Heap before GC invocations=1 (full 0):
 PSYoungGen      total 38400K, used 33280K [0x0000000795580000, 0x0000000798000000, 0x00000007c0000000)
  eden space 33280K, 100% used [0x0000000795580000,0x0000000797600000,0x0000000797600000)
  from space 5120K, 0% used [0x0000000797b00000,0x0000000797b00000,0x0000000798000000)
  to   space 5120K, 0% used [0x0000000797600000,0x0000000797600000,0x0000000797b00000)
 ParOldGen       total 87552K, used 0K [0x0000000740000000, 0x0000000745580000, 0x0000000795580000)
  object space 87552K, 0% used [0x0000000740000000,0x0000000740000000,0x0000000745580000)
 Metaspace       used 5222K, capacity 5490K, committed 5760K, reserved 1056768K
  class space    used 577K, capacity 598K, committed 640K, reserved 1048576K
Event: 13.833 GC heap after
Heap after GC invocations=1 (full 0):
 PSYoungGen      total 38400K, used 1826K [0x0000000795580000, 0x0000000798000000, 0x00000007c0000000)
  eden space 33280K, 0% used [0x0000000795580000,0x0000000795580000,0x0000000797600000)
  from space 5120K, 35% used [0x0000000797600000,0x00000007977c8b20,0x0000000797b00000)
  to   space 5120K, 0% used [0x0000000797b00000,0x0000000797b00000,0x0000000798000000)
 ParOldGen       total 87552K, used 0K [0x0000000740000000, 0x0000000745580000, 0x0000000795580000)
  object space 87552K, 0% used [0x0000000740000000,0x0000000740000000,0x0000000745580000)
 Metaspace       used 5222K, capacity 5490K, committed 5760K, reserved 1056768K
  class space    used 577K, capacity 598K, committed 640K, reserved 1048576K
}
Event: 16.982 GC heap before
{Heap before GC invocations=2 (full 0):
 PSYoungGen      total 38400K, used 20428K [0x0000000795580000, 0x0000000798000000, 0x00000007c0000000)
  eden space 33280K, 55% used [0x0000000795580000,0x00000007967aa6e8,0x0000000797600000)
  from space 5120K, 35% used [0x0000000797600000,0x00000007977c8b20,0x0000000797b00000)
  to   space 5120K, 0% used [0x0000000797b00000,0x0000000797b00000,0x0000000798000000)
 ParOldGen       total 87552K, used 0K [0x0000000740000000, 0x0000000745580000, 0x0000000795580000)
  object space 87552K, 0% used [0x0000000740000000,0x0000000740000000,0x0000000745580000)
 Metaspace       used 5495K, capacity 5624K, committed 5760K, reserved 1056768K
  class space    used 591K, capacity 600K, committed 640K, reserved 1048576K
Event: 16.990 GC heap after
Heap after GC invocations=2 (full 0):
 PSYoungGen      total 38400K, used 1344K [0x0000000795580000, 0x0000000798000000, 0x00000007c0000000)
  eden space 33280K, 0% used [0x0000000795580000,0x0000000795580000,0x0000000797600000)
  from space 5120K, 26% used [0x0000000797b00000,0x0000000797c50020,0x0000000798000000)
  to   space 5120K, 0% used [0x0000000797600000,0x0000000797600000,0x0000000797b00000)
 ParOldGen       total 87552K, used 8K [0x0000000740000000, 0x0000000745580000, 0x0000000795580000)
  object space 87552K, 0% used [0x0000000740000000,0x0000000740002000,0x0000000745580000)
 Metaspace       used 5495K, capacity 5624K, committed 5760K, reserved 1056768K
  class space    used 591K, capacity 600K, committed 640K, reserved 1048576K
}
Event: 16.990 GC heap before
{Heap before GC invocations=3 (full 1):
 PSYoungGen      total 38400K, used 1344K [0x0000000795580000, 0x0000000798000000, 0x00000007c0000000)
  eden space 33280K, 0% used [0x0000000795580000,0x0000000795580000,0x0000000797600000)
  from space 5120K, 26% used [0x0000000797b00000,0x0000000797c50020,0x0000000798000000)
  to   space 5120K, 0% used [0x0000000797600000,0x0000000797600000,0x0000000797b00000)
 ParOldGen       total 87552K, used 8K [0x0000000740000000, 0x0000000745580000, 0x0000000795580000)
  object space 87552K, 0% used [0x0000000740000000,0x0000000740002000,0x0000000745580000)
 Metaspace       used 5495K, capacity 5624K, committed 5760K, reserved 1056768K
  class space    used 591K, capacity 600K, committed 640K, reserved 1048576K
Event: 16.997 GC heap after
Heap after GC invocations=3 (full 1):
 PSYoungGen      total 38400K, used 0K [0x0000000795580000, 0x0000000798000000, 0x00000007c0000000)
  eden space 33280K, 0% used [0x0000000795580000,0x0000000795580000,0x0000000797600000)
  from space 5120K, 0% used [0x0000000797b00000,0x0000000797b00000,0x0000000798000000)
  to   space 5120K, 0% used [0x0000000797600000,0x0000000797600000,0x0000000797b00000)
 ParOldGen       total 87552K, used 1164K [0x0000000740000000, 0x0000000745580000, 0x0000000795580000)
  object space 87552K, 1% used [0x0000000740000000,0x00000007401230d0,0x0000000745580000)
 Metaspace       used 5495K, capacity 5624K, committed 5760K, reserved 1056768K
  class space    used 591K, capacity 600K, committed 640K, reserved 1048576K
}

Deoptimization events (10 events):
Event: 13.814 Thread 0x00007fafa317c000 Uncommon trap: reason=unloaded action=reinterpret pc=0x000000010f0958f4 method=MathUtils.factorialLog(I)D @ 4
Event: 13.903 Thread 0x00007fafa280f000 Uncommon trap: reason=class_check action=maybe_recompile pc=0x000000010f0ce638 method=java.util.regex.Pattern$BmpCharProperty.match(Ljava/util/regex/Matcher;ILjava/lang/CharSequence;)Z @ 31
Event: 13.903 Thread 0x00007fafa280f000 Uncommon trap: reason=unstable_if action=reinterpret pc=0x000000010f0884f8 method=java.util.regex.Matcher.search(I)Z @ 30
Event: 13.903 Thread 0x00007fafa280f000 Uncommon trap: reason=class_check action=maybe_recompile pc=0x000000010f0ce638 method=java.util.regex.Pattern$BmpCharProperty.match(Ljava/util/regex/Matcher;ILjava/lang/CharSequence;)Z @ 31
Event: 13.903 Thread 0x00007fafa280f000 Uncommon trap: reason=class_check action=maybe_recompile pc=0x000000010f0ce638 method=java.util.regex.Pattern$BmpCharProperty.match(Ljava/util/regex/Matcher;ILjava/lang/CharSequence;)Z @ 31
Event: 13.903 Thread 0x00007fafa280f000 Uncommon trap: reason=class_check action=maybe_recompile pc=0x000000010f0ce638 method=java.util.regex.Pattern$BmpCharProperty.match(Ljava/util/regex/Matcher;ILjava/lang/CharSequence;)Z @ 31
Event: 13.917 Thread 0x00007fafa280f000 Uncommon trap: reason=bimorphic action=maybe_recompile pc=0x000000010f0dae24 method=java.util.regex.Pattern$BmpCharProperty.match(Ljava/util/regex/Matcher;ILjava/lang/CharSequence;)Z @ 31
Event: 13.917 Thread 0x00007fafa280f000 Uncommon trap: reason=bimorphic action=maybe_recompile pc=0x000000010f0dae24 method=java.util.regex.Pattern$BmpCharProperty.match(Ljava/util/regex/Matcher;ILjava/lang/CharSequence;)Z @ 31
Event: 13.917 Thread 0x00007fafa280f000 Uncommon trap: reason=unstable_if action=reinterpret pc=0x000000010f0daa00 method=java.util.regex.Pattern$BmpCharProperty.match(Ljava/util/regex/Matcher;ILjava/lang/CharSequence;)Z @ 5
Event: 44650.291 Thread 0x00007fafa28b6800 Uncommon trap: reason=unstable_if action=reinterpret pc=0x000000010f10be8c method=java.util.regex.Pattern$Start.match(Ljava/util/regex/Matcher;ILjava/lang/CharSequence;)Z @ 34

Classes redefined (0 events):
No events

Internal exceptions (10 events):
Event: 0.357 Thread 0x00007fafa280f000 Exception <a 'java/security/PrivilegedActionException'> (0x0000000795a94ea8) thrown at [/Users/java_re/workspace/8-2-build-macosx-x86_64/jdk8u201/12322/hotspot/src/share/vm/prims/jvm.cpp, line 1502]
Event: 0.357 Thread 0x00007fafa280f000 Exception <a 'java/security/PrivilegedActionException'> (0x0000000795a985a8) thrown at [/Users/java_re/workspace/8-2-build-macosx-x86_64/jdk8u201/12322/hotspot/src/share/vm/prims/jvm.cpp, line 1502]
Event: 0.357 Thread 0x00007fafa280f000 Exception <a 'java/security/PrivilegedActionException'> (0x0000000795a989a0) thrown at [/Users/java_re/workspace/8-2-build-macosx-x86_64/jdk8u201/12322/hotspot/src/share/vm/prims/jvm.cpp, line 1502]
Event: 13.797 Thread 0x00007fafa317c000 Exception <a 'java/lang/reflect/InvocationTargetException'> (0x00000007963efc08) thrown at [/Users/java_re/workspace/8-2-build-macosx-x86_64/jdk8u201/12322/hotspot/src/share/vm/runtime/reflection.cpp, line 1092]
Event: 13.893 Thread 0x00007faf82809000 Exception <a 'java/lang/reflect/InvocationTargetException'> (0x00000007962c71f0) thrown at [/Users/java_re/workspace/8-2-build-macosx-x86_64/jdk8u201/12322/hotspot/src/share/vm/runtime/reflection.cpp, line 1092]
Event: 16.972 Thread 0x00007fafa28b6800 Exception <a 'java/lang/InterruptedException'> (0x000000079662bea0) thrown at [/Users/java_re/workspace/8-2-build-macosx-x86_64/jdk8u201/12322/hotspot/src/share/vm/runtime/objectMonitor.cpp, line 1684]
Event: 44650.287 Thread 0x00007fafa280f000 Exception <a 'java/io/IOException'> (0x00000007955ae548) thrown at [/Users/java_re/workspace/8-2-build-macosx-x86_64/jdk8u201/12322/hotspot/src/share/vm/prims/jni.cpp, line 709]
Event: 44650.291 Thread 0x00007fafa280f000 Exception <a 'java/io/IOException'> (0x00000007955ae878) thrown at [/Users/java_re/workspace/8-2-build-macosx-x86_64/jdk8u201/12322/hotspot/src/share/vm/prims/jni.cpp, line 709]
Event: 44650.291 Thread 0x00007fafa280f000 Exception <a 'java/io/IOException'> (0x00000007955aeaf8) thrown at [/Users/java_re/workspace/8-2-build-macosx-x86_64/jdk8u201/12322/hotspot/src/share/vm/prims/jni.cpp, line 709]
Event: 44650.292 Thread 0x00007faf83011800 Exception <a 'java/lang/InterruptedException'> (0x0000000795776bd8) thrown at [/Users/java_re/workspace/8-2-build-macosx-x86_64/jdk8u201/12322/hotspot/src/share/vm/runtime/objectMonitor.cpp, line 1495]

Events (10 events):
Event: 44650.291 Thread 0x00007fafa28b6800 Uncommon trap: trap_request=0xffffff65 fr.pc=0x000000010f10be8c
Event: 44650.292 loading class java/lang/Shutdown
Event: 44650.292 Thread 0x00007faf73808800 Thread added: 0x00007faf73808800
Event: 44650.293 Thread 0x00007fafa29b1000 Thread added: 0x00007fafa29b1000
Event: 44650.293 Thread 0x00007fafa28b6800 DEOPT PACKING pc=0x000000010f10be8c sp=0x0000000306ac4c50
Event: 44650.295 Thread 0x00007fafa28b6800 DEOPT UNPACKING pc=0x000000010eefc73a sp=0x0000000306ac4bf0 mode 2
Event: 44650.299 loading class java/lang/Shutdown done
Event: 44650.303 loading class java/lang/Shutdown$Lock
Event: 44650.303 loading class java/lang/Shutdown$Lock done
Event: 44650.303 Executing VM operation: RevokeBias


Dynamic libraries:
0x00007ffdffccf000 	/usr/libexec/rosetta/runtime
0x00000001088d5000 	/Library/Apple/usr/libexec/oah/libRosettaRuntime
0x00007fff35148000 	/System/Library/Frameworks/Cocoa.framework/Versions/A/Cocoa
0x00007fff220eb000 	/System/Library/Frameworks/Security.framework/Versions/A/Security
0x00007fff33350000 	/System/Library/Frameworks/ApplicationServices.framework/Versions/A/ApplicationServices
0x00007fff2a5b6000 	/usr/lib/libz.1.dylib
0x00007fff2a682000 	/usr/lib/libSystem.B.dylib
0x00007fff201ca000 	/usr/lib/libobjc.A.dylib
0x00007fff203aa000 	/System/Library/Frameworks/CoreFoundation.framework/Versions/A/CoreFoundation
0x00007fff21083000 	/System/Library/Frameworks/Foundation.framework/Versions/C/Foundation
0x00007fff22b1c000 	/System/Library/Frameworks/AppKit.framework/Versions/C/AppKit
0x00007fff25a07000 	/System/Library/Frameworks/CoreData.framework/Versions/A/CoreData
0x00007fff23867000 	/System/Library/PrivateFrameworks/UIFoundation.framework/Versions/A/UIFoundation
0x00007fff2fe0a000 	/System/Library/PrivateFrameworks/RemoteViewServices.framework/Versions/A/RemoteViewServices
0x00007fff28bb0000 	/System/Library/PrivateFrameworks/XCTTargetBootstrap.framework/Versions/A/XCTTargetBootstrap
0x00007fff2b902000 	/usr/lib/libspindump.dylib
0x00007fff23ab6000 	/System/Library/Frameworks/UniformTypeIdentifiers.framework/Versions/A/UniformTypeIdentifiers
0x00007fff273b4000 	/usr/lib/libapp_launch_measurement.dylib
0x00007fff273b7000 	/System/Library/PrivateFrameworks/CoreAutoLayout.framework/Versions/A/CoreAutoLayout
0x00007fff28517000 	/System/Library/Frameworks/Metal.framework/Versions/A/Metal
0x00007fff29211000 	/usr/lib/liblangid.dylib
0x00007fff28bb4000 	/System/Library/PrivateFrameworks/CoreSVG.framework/Versions/A/CoreSVG
0x00007fff24af6000 	/System/Library/PrivateFrameworks/SkyLight.framework/Versions/A/SkyLight
0x00007fff24e5c000 	/System/Library/Frameworks/CoreGraphics.framework/Versions/A/CoreGraphics
0x00007fff30331000 	/System/Library/Frameworks/Accelerate.framework/Versions/A/Accelerate
0x00007fff2b340000 	/System/Library/PrivateFrameworks/IconServices.framework/Versions/A/IconServices
0x00007fff284fb000 	/System/Library/Frameworks/IOSurface.framework/Versions/A/IOSurface
0x00007fff2639b000 	/usr/lib/libDiagnosticMessagesClient.dylib
0x00007fff28b9c000 	/System/Library/PrivateFrameworks/DFRFoundation.framework/Versions/A/DFRFoundation
0x00007fff22443000 	/usr/lib/libicucore.A.dylib
0x00007fff2ce49000 	/System/Library/Frameworks/AudioToolbox.framework/Versions/A/AudioToolbox
0x00007fff2c0d1000 	/System/Library/PrivateFrameworks/DataDetectorsCore.framework/Versions/A/DataDetectorsCore
0x00007fff24a69000 	/usr/lib/libMobileGestalt.dylib
0x00007fff288a0000 	/System/Library/Frameworks/Carbon.framework/Versions/A/Frameworks/HIToolbox.framework/Versions/A/HIToolbox
0x00007fff26df9000 	/System/Library/Frameworks/QuartzCore.framework/Versions/A/QuartzCore
0x00007fff2fe42000 	/System/Library/Frameworks/Carbon.framework/Versions/A/Frameworks/SpeechRecognition.framework/Versions/A/SpeechRecognition
0x00007fff27119000 	/System/Library/PrivateFrameworks/CoreUI.framework/Versions/A/CoreUI
0x00007fff21a59000 	/System/Library/Frameworks/CoreAudio.framework/Versions/A/CoreAudio
0x00007fff26486000 	/System/Library/Frameworks/DiskArbitration.framework/Versions/A/DiskArbitration
0x00007fff2bccf000 	/System/Library/PrivateFrameworks/MultitouchSupport.framework/Versions/A/MultitouchSupport
0x00007fff2c0c8000 	/System/Library/PrivateFrameworks/InternationalSupport.framework/Versions/A/InternationalSupport
0x00007fff24a68000 	/usr/lib/libenergytrace.dylib
0x00007fff22a13000 	/System/Library/Frameworks/IOKit.framework/Versions/A/IOKit
0x00007fff30175000 	/System/Library/Frameworks/CoreServices.framework/Versions/A/CoreServices
0x00007fff27346000 	/System/Library/PrivateFrameworks/PerformanceAnalysis.framework/Versions/A/PerformanceAnalysis
0x00007fff6bcee000 	/System/Library/Frameworks/OpenGL.framework/Versions/A/OpenGL
0x00007fff2c14c000 	/System/Library/PrivateFrameworks/UserActivity.framework/Versions/A/UserActivity
0x00007fff2550e000 	/System/Library/Frameworks/ColorSync.framework/Versions/A/ColorSync
0x00007fff28e1f000 	/System/Library/Frameworks/CoreImage.framework/Versions/A/CoreImage
0x00007fff21873000 	/System/Library/Frameworks/CoreText.framework/Versions/A/CoreText
0x00007fff28bde000 	/System/Library/Frameworks/ImageIO.framework/Versions/A/ImageIO
0x00007fff2a688000 	/System/Library/PrivateFrameworks/SoftLinking.framework/Versions/A/SoftLinking
0x00007fff273ff000 	/usr/lib/libxml2.2.dylib
0x00007fff20290000 	/usr/lib/libc++.1.dylib
0x00007fff2a8f5000 	/usr/lib/libcompression.dylib
0x00007fff2bffa000 	/System/Library/PrivateFrameworks/TextureIO.framework/Versions/A/TextureIO
0x00007fff2afe5000 	/usr/lib/libate.dylib
0x00007fff2a67c000 	/usr/lib/system/libcache.dylib
0x00007fff2a638000 	/usr/lib/system/libcommonCrypto.dylib
0x00007fff2a662000 	/usr/lib/system/libcompiler_rt.dylib
0x00007fff2a657000 	/usr/lib/system/libcopyfile.dylib
0x00007fff200ba000 	/usr/lib/system/libcorecrypto.dylib
0x00007fff20185000 	/usr/lib/system/libdispatch.dylib
0x00007fff20338000 	/usr/lib/system/libdyld.dylib
0x00007fff2a673000 	/usr/lib/system/libkeymgr.dylib
0x00007fff2dbe0000 	/usr/lib/system/liblaunch.dylib
0x00007fff2a616000 	/usr/lib/system/libmacho.dylib
0x00007fff29e0a000 	/usr/lib/system/libquarantine.dylib
0x00007fff2a670000 	/usr/lib/system/libremovefile.dylib
0x00007fff24ac6000 	/usr/lib/system/libsystem_asl.dylib
0x00007fff2006a000 	/usr/lib/system/libsystem_blocks.dylib
0x00007fff20207000 	/usr/lib/system/libsystem_c.dylib
0x00007fff2a66a000 	/usr/lib/system/libsystem_collections.dylib
0x00007fff29202000 	/usr/lib/system/libsystem_configuration.dylib
0x00007fff284ea000 	/usr/lib/system/libsystem_containermanager.dylib
0x00007fff2a3b5000 	/usr/lib/system/libsystem_coreservices.dylib
0x00007fff226a3000 	/usr/lib/system/libsystem_darwin.dylib
0x00007fff2a674000 	/usr/lib/system/libsystem_dnssd.dylib
0x00007fff20204000 	/usr/lib/system/libsystem_featureflags.dylib
0x00007fff2037e000 	/usr/lib/system/libsystem_info.dylib
0x00007fff2a5c9000 	/usr/lib/system/libsystem_m.dylib
0x00007fff20158000 	/usr/lib/system/libsystem_malloc.dylib
0x00007fff24a59000 	/usr/lib/system/libsystem_networkextension.dylib
0x00007fff22ac2000 	/usr/lib/system/libsystem_notify.dylib
0x00007fff30077000 	/usr/lib/system/libsystem_product_info_filter.dylib
0x00007fff29206000 	/usr/lib/system/libsystem_sandbox.dylib
0x00007fff2a66d000 	/usr/lib/system/libsystem_secinit.dylib
0x00007fff202fc000 	/usr/lib/system/libsystem_kernel.dylib
0x00007fff20374000 	/usr/lib/system/libsystem_platform.dylib
0x00007fff2032c000 	/usr/lib/system/libsystem_pthread.dylib
0x00007fff261d7000 	/usr/lib/system/libsystem_symptoms.dylib
0x00007fff200a2000 	/usr/lib/system/libsystem_trace.dylib
0x00007fff2a644000 	/usr/lib/system/libunwind.dylib
0x00007fff2006c000 	/usr/lib/system/libxpc.dylib
0x00007fff202e6000 	/usr/lib/libc++abi.dylib
0x00007fff2a64f000 	/usr/lib/liboah.dylib
0x00007fff2ad11000 	/usr/lib/liblzma.5.dylib
0x00007fff20d97000 	/System/Library/Frameworks/SystemConfiguration.framework/Versions/A/SystemConfiguration
0x00007fff2a684000 	/usr/lib/libfakelink.dylib
0x00007fff245ba000 	/System/Library/Frameworks/CFNetwork.framework/Versions/A/CFNetwork
0x00007fff2a7c4000 	/usr/lib/libarchive.2.dylib
0x00007fff20e15000 	/usr/lib/libCRFSuite.dylib
0x00007fff29e31000 	/usr/lib/libbsm.0.dylib
0x00007fff23f33000 	/usr/lib/libnetwork.dylib
0x00007fff2a689000 	/usr/lib/libpcap.A.dylib
0x00007fff261d0000 	/usr/lib/libdns_services.dylib
0x00007fff2ad2a000 	/usr/lib/libcoretls_cfhelpers.dylib
0x00007fff2a8c3000 	/usr/lib/libapple_nghttp2.dylib
0x00007fff2a61c000 	/usr/lib/system/libkxld.dylib
0x00007fff25e4e000 	/usr/lib/libsqlite3.dylib
0x00007fff2a398000 	/System/Library/PrivateFrameworks/AppleFSCompression.framework/Versions/A/AppleFSCompression
0x00007fff29e19000 	/usr/lib/libcoretls.dylib
0x00007fff2a8f0000 	/usr/lib/libpam.2.dylib
0x00007fff2ae28000 	/usr/lib/libxar.1.dylib
0x00007fff2920d000 	/System/Library/PrivateFrameworks/AppleSystemInfo.framework/Versions/A/AppleSystemInfo
0x00007fff29a5b000 	/System/Library/PrivateFrameworks/IOMobileFramebuffer.framework/Versions/A/IOMobileFramebuffer
0x00007fff2a3a8000 	/usr/lib/libbz2.1.0.dylib
0x00007fff2a6c1000 	/usr/lib/libiconv.2.dylib
0x00007fff2a615000 	/usr/lib/libcharset.1.dylib
0x00007fff27382000 	/System/Library/Frameworks/CoreServices.framework/Versions/A/Frameworks/FSEvents.framework/Versions/A/FSEvents
0x00007fff226ad000 	/System/Library/Frameworks/CoreServices.framework/Versions/A/Frameworks/CarbonCore.framework/Versions/A/CarbonCore
0x00007fff263eb000 	/System/Library/Frameworks/CoreServices.framework/Versions/A/Frameworks/Metadata.framework/Versions/A/Metadata
0x00007fff2a3ba000 	/System/Library/Frameworks/CoreServices.framework/Versions/A/Frameworks/OSServices.framework/Versions/A/OSServices
0x00007fff2a836000 	/System/Library/Frameworks/CoreServices.framework/Versions/A/Frameworks/SearchKit.framework/Versions/A/SearchKit
0x00007fff2615b000 	/System/Library/Frameworks/CoreServices.framework/Versions/A/Frameworks/AE.framework/Versions/A/AE
0x00007fff20848000 	/System/Library/Frameworks/CoreServices.framework/Versions/A/Frameworks/LaunchServices.framework/Versions/A/LaunchServices
0x00007fff2acc1000 	/System/Library/Frameworks/CoreServices.framework/Versions/A/Frameworks/DictionaryServices.framework/Versions/A/DictionaryServices
0x00007fff2738f000 	/System/Library/Frameworks/CoreServices.framework/Versions/A/Frameworks/SharedFileList.framework/Versions/A/SharedFileList
0x00007fff29e0d000 	/usr/lib/libCheckFix.dylib
0x00007fff24add000 	/System/Library/PrivateFrameworks/TCC.framework/Versions/A/TCC
0x00007fff29213000 	/System/Library/PrivateFrameworks/CoreNLP.framework/Versions/A/CoreNLP
0x00007fff2639e000 	/System/Library/PrivateFrameworks/MetadataUtilities.framework/Versions/A/MetadataUtilities
0x00007fff20e4a000 	/usr/lib/libmecabra.dylib
0x00007fff2a117000 	/System/Library/Frameworks/MLCompute.framework/Versions/A/MLCompute
0x00007fff29e42000 	/usr/lib/libmecab.dylib
0x00007fff29e8c000 	/usr/lib/libgermantok.dylib
0x00007fff2a89e000 	/usr/lib/libThaiTokenizer.dylib
0x00007fff2ae63000 	/usr/lib/libChineseTokenizer.dylib
0x00007fff2a8ee000 	/System/Library/Frameworks/MetalPerformanceShaders.framework/Versions/A/MetalPerformanceShaders
0x00007fff2648d000 	/System/Library/Frameworks/Accelerate.framework/Versions/A/Frameworks/vImage.framework/Versions/A/vImage
0x00007fff3014f000 	/System/Library/Frameworks/Accelerate.framework/Versions/A/Frameworks/vecLib.framework/Versions/A/vecLib
0x00007fff2ae6e000 	/System/Library/Frameworks/Accelerate.framework/Versions/A/Frameworks/vecLib.framework/Versions/A/libvMisc.dylib
0x00007fff298bb000 	/System/Library/Frameworks/Accelerate.framework/Versions/A/Frameworks/vecLib.framework/Versions/A/libvDSP.dylib
0x00007fff20b53000 	/System/Library/Frameworks/Accelerate.framework/Versions/A/Frameworks/vecLib.framework/Versions/A/libBLAS.dylib
0x00007fff2a91c000 	/System/Library/Frameworks/Accelerate.framework/Versions/A/Frameworks/vecLib.framework/Versions/A/libLAPACK.dylib
0x00007fff29e92000 	/System/Library/Frameworks/Accelerate.framework/Versions/A/Frameworks/vecLib.framework/Versions/A/libLinearAlgebra.dylib
0x00007fff2a8db000 	/System/Library/Frameworks/Accelerate.framework/Versions/A/Frameworks/vecLib.framework/Versions/A/libSparseBLAS.dylib
0x00007fff2a916000 	/System/Library/Frameworks/Accelerate.framework/Versions/A/Frameworks/vecLib.framework/Versions/A/libQuadrature.dylib
0x00007fff292bf000 	/System/Library/Frameworks/Accelerate.framework/Versions/A/Frameworks/vecLib.framework/Versions/A/libBNNS.dylib
0x00007fff20d28000 	/System/Library/Frameworks/Accelerate.framework/Versions/A/Frameworks/vecLib.framework/Versions/A/libSparse.dylib
0x00007fff2919b000 	/System/Library/Frameworks/MetalPerformanceShaders.framework/Versions/A/Frameworks/MPSCore.framework/Versions/A/MPSCore
0x00007fff2a307000 	/System/Library/Frameworks/MetalPerformanceShaders.framework/Versions/A/Frameworks/MPSImage.framework/Versions/A/MPSImage
0x00007fff29ea8000 	/System/Library/Frameworks/MetalPerformanceShaders.framework/Versions/A/Frameworks/MPSNeuralNetwork.framework/Versions/A/MPSNeuralNetwork
0x00007fff2a279000 	/System/Library/Frameworks/MetalPerformanceShaders.framework/Versions/A/Frameworks/MPSMatrix.framework/Versions/A/MPSMatrix
0x00007fff2a0c7000 	/System/Library/Frameworks/MetalPerformanceShaders.framework/Versions/A/Frameworks/MPSRayIntersector.framework/Versions/A/MPSRayIntersector
0x00007fff2a2b0000 	/System/Library/Frameworks/MetalPerformanceShaders.framework/Versions/A/Frameworks/MPSNDArray.framework/Versions/A/MPSNDArray
0x00007fff20a7e000 	/System/Library/PrivateFrameworks/MetalTools.framework/Versions/A/MetalTools
0x00007fff2920b000 	/System/Library/PrivateFrameworks/AggregateDictionary.framework/Versions/A/AggregateDictionary
0x00007fff2636b000 	/System/Library/PrivateFrameworks/CoreAnalytics.framework/Versions/A/CoreAnalytics
0x00007fff2a8a0000 	/System/Library/PrivateFrameworks/AppleSauce.framework/Versions/A/AppleSauce
0x00007fff2850d000 	/System/Library/PrivateFrameworks/IOAccelerator.framework/Versions/A/IOAccelerator
0x00007fff6bce2000 	/System/Library/Frameworks/OpenGL.framework/Versions/A/Libraries/libCoreFSCache.dylib
0x00007fff213e2000 	/System/Library/PrivateFrameworks/LanguageModeling.framework/Versions/A/LanguageModeling
0x00007fff29a49000 	/System/Library/PrivateFrameworks/CoreEmoji.framework/Versions/A/CoreEmoji
0x00007fff292b8000 	/System/Library/PrivateFrameworks/LinguisticData.framework/Versions/A/LinguisticData
0x00007fff20cda000 	/System/Library/PrivateFrameworks/Lexicon.framework/Versions/A/Lexicon
0x00007fff2a7b2000 	/usr/lib/libcmph.dylib
0x00007fff27362000 	/System/Library/Frameworks/OpenDirectory.framework/Versions/A/Frameworks/CFOpenDirectory.framework/Versions/A/CFOpenDirectory
0x00007fff27352000 	/System/Library/Frameworks/OpenDirectory.framework/Versions/A/OpenDirectory
0x00007fff2ad2c000 	/System/Library/PrivateFrameworks/APFS.framework/Versions/A/APFS
0x00007fff29d6f000 	/System/Library/Frameworks/SecurityFoundation.framework/Versions/A/SecurityFoundation
0x00007fff2ae36000 	/usr/lib/libutil.dylib
0x00007fff229d8000 	/System/Library/PrivateFrameworks/CoreServicesStore.framework/Versions/A/CoreServicesStore
0x00007fff29e05000 	/System/Library/Frameworks/ServiceManagement.framework/Versions/A/ServiceManagement
0x00007fff2ae3a000 	/usr/lib/libxslt.1.dylib
0x00007fff29dfb000 	/System/Library/PrivateFrameworks/BackgroundTaskManagement.framework/Versions/A/BackgroundTaskManagement
0x00007fff2bf45000 	/System/Library/Frameworks/ImageIO.framework/Versions/A/Resources/libRadiance.dylib
0x00007fff2bf4e000 	/System/Library/Frameworks/ImageIO.framework/Versions/A/Resources/libJPEG.dylib
0x00007fff2be99000 	/System/Library/Frameworks/ImageIO.framework/Versions/A/Resources/libPng.dylib
0x00007fff2bec0000 	/System/Library/Frameworks/ImageIO.framework/Versions/A/Resources/libTIFF.dylib
0x00007fff2bfa3000 	/System/Library/Frameworks/ImageIO.framework/Versions/A/Resources/libGIF.dylib
0x00007fff2bbec000 	/System/Library/Frameworks/ImageIO.framework/Versions/A/Resources/libJP2.dylib
0x00007fff2b308000 	/usr/lib/libexpat.1.dylib
0x00007fff2bba2000 	/System/Library/PrivateFrameworks/AppleJPEG.framework/Versions/A/AppleJPEG
0x00007fff28743000 	/System/Library/PrivateFrameworks/FontServices.framework/libFontParser.dylib
0x00007fff26112000 	/System/Library/PrivateFrameworks/RunningBoardServices.framework/Versions/A/RunningBoardServices
0x00007fff2bccb000 	/System/Library/PrivateFrameworks/WatchdogClient.framework/Versions/A/WatchdogClient
0x00007fff214cb000 	/System/Library/Frameworks/CoreDisplay.framework/Versions/A/CoreDisplay
0x00007fff28658000 	/System/Library/Frameworks/CoreMedia.framework/Versions/A/CoreMedia
0x00007fff274e2000 	/System/Library/Frameworks/CoreVideo.framework/Versions/A/CoreVideo
0x00007fff2bd06000 	/System/Library/Frameworks/VideoToolbox.framework/Versions/A/VideoToolbox
0x00007fff26092000 	/System/Library/PrivateFrameworks/BaseBoard.framework/Versions/A/BaseBoard
0x00007fff2b44c000 	/System/Library/PrivateFrameworks/PersistentConnection.framework/Versions/A/PersistentConnection
0x00007fff25e38000 	/System/Library/PrivateFrameworks/ProtocolBuffer.framework/Versions/A/ProtocolBuffer
0x00007fff2607a000 	/System/Library/PrivateFrameworks/CommonUtilities.framework/Versions/A/CommonUtilities
0x00007fff2bb65000 	/System/Library/PrivateFrameworks/Bom.framework/Versions/A/Bom
0x00007fff2bf3d000 	/System/Library/PrivateFrameworks/GPUWrangler.framework/Versions/A/GPUWrangler
0x00007fff2bf20000 	/System/Library/PrivateFrameworks/IOPresentment.framework/Versions/A/IOPresentment
0x00007fff2bf48000 	/System/Library/PrivateFrameworks/DSExternalDisplay.framework/Versions/A/DSExternalDisplay
0x00007fff2bfa8000 	/System/Library/PrivateFrameworks/CMCaptureCore.framework/Versions/A/CMCaptureCore
0x00007fff2b8e8000 	/System/Library/PrivateFrameworks/AppServerSupport.framework/Versions/A/AppServerSupport
0x00007fff2d983000 	/System/Library/PrivateFrameworks/perfdata.framework/Versions/A/perfdata
0x00007fff29d5e000 	/System/Library/PrivateFrameworks/AssertionServices.framework/Versions/A/AssertionServices
0x00007fff21602000 	/System/Library/PrivateFrameworks/AudioToolboxCore.framework/Versions/A/AudioToolboxCore
0x00007fff2863b000 	/System/Library/PrivateFrameworks/caulk.framework/Versions/A/caulk
0x00007fff3ce2f000 	/System/Library/PrivateFrameworks/SystemPolicy.framework/Versions/A/SystemPolicy
0x00007fff2b117000 	/usr/lib/libIOReport.dylib
0x00007fff2d1bf000 	/usr/lib/libSMC.dylib
0x00007fff2be65000 	/usr/lib/libAudioToolboxUtility.dylib
0x00007fff3d78c000 	/usr/lib/libmis.dylib
0x00007fff6bd3e000 	/System/Library/Frameworks/OpenGL.framework/Versions/A/Libraries/libGLU.dylib
0x00007fff6bd01000 	/System/Library/Frameworks/OpenGL.framework/Versions/A/Libraries/libGFXShared.dylib
0x00007fff6bf0f000 	/System/Library/Frameworks/OpenGL.framework/Versions/A/Libraries/libGL.dylib
0x00007fff6bd0a000 	/System/Library/Frameworks/OpenGL.framework/Versions/A/Libraries/libGLImage.dylib
0x00007fff6bcfe000 	/System/Library/Frameworks/OpenGL.framework/Versions/A/Libraries/libCVMSPluginSupport.dylib
0x00007fff6bce9000 	/System/Library/Frameworks/OpenGL.framework/Versions/A/Libraries/libCoreVMClient.dylib
0x00007fff6d359000 	/System/Library/Frameworks/OpenCL.framework/Versions/A/OpenCL
0x00007fff2b475000 	/System/Library/PrivateFrameworks/GraphVisualizer.framework/Versions/A/GraphVisualizer
0x00007fff2b484000 	/System/Library/PrivateFrameworks/FaceCore.framework/Versions/A/FaceCore
0x00007fff2b8a0000 	/System/Library/PrivateFrameworks/OTSVG.framework/Versions/A/OTSVG
0x00007fff270d7000 	/System/Library/Frameworks/ApplicationServices.framework/Versions/A/Frameworks/ATS.framework/Versions/A/Resources/libFontRegistry.dylib
0x00007fff2b8ef000 	/System/Library/PrivateFrameworks/FontServices.framework/libhvf.dylib
0x00007fff2b2b4000 	/System/Library/PrivateFrameworks/AppleVA.framework/Versions/A/AppleVA
0x00007fff2d007000 	/System/Library/Frameworks/ApplicationServices.framework/Versions/A/Frameworks/ATS.framework/Versions/A/ATS
0x00007fff2d31a000 	/System/Library/Frameworks/ApplicationServices.framework/Versions/A/Frameworks/ColorSyncLegacy.framework/Versions/A/ColorSyncLegacy
0x00007fff25605000 	/System/Library/Frameworks/ApplicationServices.framework/Versions/A/Frameworks/HIServices.framework/Versions/A/HIServices
0x00007fff2d2ff000 	/System/Library/Frameworks/ApplicationServices.framework/Versions/A/Frameworks/LangAnalysis.framework/Versions/A/LangAnalysis
0x00007fff2bfb2000 	/System/Library/Frameworks/ApplicationServices.framework/Versions/A/Frameworks/PrintCore.framework/Versions/A/PrintCore
0x00007fff2d322000 	/System/Library/Frameworks/ApplicationServices.framework/Versions/A/Frameworks/QD.framework/Versions/A/QD
0x00007fff2cff7000 	/System/Library/Frameworks/ApplicationServices.framework/Versions/A/Frameworks/SpeechSynthesis.framework/Versions/A/SpeechSynthesis
0x00007fff2bf73000 	/System/Library/Frameworks/ApplicationServices.framework/Versions/A/Frameworks/ATSUI.framework/Versions/A/ATSUI
0x00007fff2d29f000 	/usr/lib/libcups.2.dylib
0x00007fff2d30f000 	/System/Library/PrivateFrameworks/NetAuth.framework/Versions/A/NetAuth
0x00007fff2d99e000 	/System/Library/Frameworks/Kerberos.framework/Versions/A/Kerberos
0x00007fff2d9ae000 	/System/Library/Frameworks/GSS.framework/Versions/A/GSS
0x00007fff2d074000 	/usr/lib/libresolv.9.dylib
0x00007fff2b905000 	/System/Library/PrivateFrameworks/Heimdal.framework/Versions/A/Heimdal
0x00007fff33665000 	/System/Library/Frameworks/Kerberos.framework/Versions/A/Libraries/libHeimdalProxy.dylib
0x00007fff261df000 	/System/Library/Frameworks/Network.framework/Versions/A/Network
0x00007fff2b321000 	/usr/lib/libheimdal-asn1.dylib
0x00007fff2d9ff000 	/System/Library/PrivateFrameworks/CommonAuth.framework/Versions/A/CommonAuth
0x00007fff27530000 	/System/Library/PrivateFrameworks/login.framework/Versions/A/Frameworks/loginsupport.framework/Versions/A/loginsupport
0x00007fff2cf7e000 	/System/Library/PrivateFrameworks/AudioSession.framework/Versions/A/AudioSession
0x00007fff2cfe4000 	/usr/lib/libAudioStatistics.dylib
0x00007fff2b3ad000 	/System/Library/PrivateFrameworks/MediaExperience.framework/Versions/A/MediaExperience
0x00007fff2ce17000 	/System/Library/PrivateFrameworks/AudioSession.framework/libSessionUtility.dylib
0x00007fff2d98f000 	/usr/lib/libperfcheck.dylib
0x00007fff2d32e000 	/System/Library/PrivateFrameworks/AudioResourceArbitration.framework/Versions/A/AudioResourceArbitration
0x00007fff2b32b000 	/System/Library/PrivateFrameworks/IconFoundation.framework/Versions/A/IconFoundation
0x00007fff2fe32000 	/System/Library/PrivateFrameworks/SpeechRecognitionCore.framework/Versions/A/SpeechRecognitionCore
0x00007fff5d0f9000 	/System/Library/CoreServices/Encodings/libKoreanConverter.dylib
0x000000010d000000 	/Library/Java/JavaVirtualMachines/jdk1.8.0_201.jdk/Contents/Home/jre/lib/server/libjvm.dylib
0x00007fff782a7000 	/usr/lib/libstdc++.6.dylib
0x0000000108e1c000 	/Library/Java/JavaVirtualMachines/jdk1.8.0_201.jdk/Contents/Home/jre/lib/libverify.dylib
0x0000000108e3b000 	/Library/Java/JavaVirtualMachines/jdk1.8.0_201.jdk/Contents/Home/jre/lib/libjava.dylib
0x0000000108f03000 	/Library/Java/JavaVirtualMachines/jdk1.8.0_201.jdk/Contents/Home/jre/lib/libzip.dylib

VM Arguments:
java_command: mujava.cli.runmutes MathUtils_ESTest session_MathUtils
java_class_path (initial): /Users/sj/Desktop/coinse/equimut-gen/mujava/mujava.jar:/Users/sj/Desktop/coinse/equimut-gen/mujava/openjava.jar:/Users/sj/Desktop/coinse/equimut-gen/mujava/commons-io.jar:/Users/sj/Desktop/coinse/equimut-gen/mujava/junit.jar:/Users/sj/Desktop/coinse/equimut-gen/mujava/hamcrest-core.jar:/Library/Java/JavaVirtualMachines/jdk1.8.0_201.jdk/Contents/Home/lib/tools.jar:/Users/sj/Desktop/evosuite-1.0.6.jar:/Users/sj/Desktop/coinse/equimut-gen/mujava/session_MathUtils/src/:/Users/sj/Desktop/coinse/equimut-gen/programs/MathUtils/evosuite-tests/
Launcher Type: SUN_STANDARD

Environment Variables:
JAVA_HOME=/Library/Java/JavaVirtualMachines/jdk1.8.0_201.jdk/Contents/Home
CLASSPATH=/Users/sj/Desktop/coinse/equimut-gen/mujava/mujava.jar:/Users/sj/Desktop/coinse/equimut-gen/mujava/openjava.jar:/Users/sj/Desktop/coinse/equimut-gen/mujava/commons-io.jar:/Users/sj/Desktop/coinse/equimut-gen/mujava/junit.jar:/Users/sj/Desktop/coinse/equimut-gen/mujava/hamcrest-core.jar:/Library/Java/JavaVirtualMachines/jdk1.8.0_201.jdk/Contents/Home/lib/tools.jar:/Users/sj/Desktop/evosuite-1.0.6.jar:/Users/sj/Desktop/coinse/equimut-gen/mujava/session_MathUtils/src/:/Users/sj/Desktop/coinse/equimut-gen/programs/MathUtils/evosuite-tests/
PATH=/Users/sj/.opam/4.11.0/bin:/Library/Frameworks/Python.framework/Versions/3.7/bin:/Users/sj/.rvm/gems/ruby-2.1.9/bin:/Users/sj/.rvm/gems/ruby-2.1.9@global/bin:/Users/sj/.rvm/rubies/ruby-2.1.9/bin:/usr/local/bin:/usr/bin:/bin:/usr/sbin:/sbin:/Library/TeX/texbin:/usr/local/share/dotnet:/opt/X11/bin:~/.dotnet/tools:/Library/Frameworks/Mono.framework/Versions/Current/Commands:/Users/sj/.opam/4.11.0/bin:/Library/Frameworks/Python.framework/Versions/3.7/bin:/Users/sj/.rvm/gems/ruby-2.1.9/bin:/Users/sj/.rvm/gems/ruby-2.1.9@global/bin:/Users/sj/.rvm/rubies/ruby-2.1.9/bin:/Users/UserId/library/android/sdk/platform-tools:/Users/sj/Library/Android/sdk/build-tools/29.0.0:/Users/sj/Library/Android/sdk/platform-tools/:/usr/local/Frameworks/Python.framework/Versions/3.7/bin:/Library/Java/JavaVirtualMachines/jdk1.8.0_201.jdk/Contents/Home/bin:/Users/sj/.rvm/bin:/opt/apache-maven/bin:/Users/sj/pintos/src/utils/:/Users/UserId/library/android/sdk/platform-tools:/Users/sj/Library/Android/sdk/build-tools/29.0.0:/Users/sj/Library/Android/sdk/platform-tools/:/usr/local/Frameworks/Python.framework/Versions/3.7/bin:/Library/Java/JavaVirtualMachines/jdk1.8.0_201.jdk/Contents/Home/bin:/opt/apache-maven/bin:/Users/sj/.rvm/bin:/Users/sj/pintos/src/utils/:/usr/local/Frameworks/Python.framework/Versions/3.7/bin
SHELL=/bin/bash
DISPLAY=/private/tmp/com.apple.launchd.Tpu5iPlxdn/org.macosforge.xquartz:0

Signal Handlers:
SIGSEGV: [libjvm.dylib+0x5b723d], sa_mask[0]=11111111111111111111111111111111, sa_flags=SA_ONSTACK|SA_RESTART|SA_SIGINFO
SIGBUS: [libjvm.dylib+0x5b723d], sa_mask[0]=11111111111111111111111111111111, sa_flags=SA_RESTART|SA_SIGINFO
SIGFPE: [libjvm.dylib+0x48c9bc], sa_mask[0]=11111111111111111111111111111111, sa_flags=SA_RESTART|SA_SIGINFO
SIGPIPE: [libjvm.dylib+0x48c9bc], sa_mask[0]=11111111111111111111111111111111, sa_flags=SA_RESTART|SA_SIGINFO
SIGXFSZ: [libjvm.dylib+0x48c9bc], sa_mask[0]=11111111111111111111111111111111, sa_flags=SA_RESTART|SA_SIGINFO
SIGILL: [libjvm.dylib+0x48c9bc], sa_mask[0]=11111111111111111111111111111111, sa_flags=SA_RESTART|SA_SIGINFO
SIGUSR1: SIG_DFL, sa_mask[0]=11111111011111110111111111111111, sa_flags=none
SIGUSR2: [libjvm.dylib+0x48c4da], sa_mask[0]=00000000000000000000000000000000, sa_flags=SA_RESTART|SA_SIGINFO
SIGHUP: [libjvm.dylib+0x48aa65], sa_mask[0]=11111111111111111111111111111111, sa_flags=SA_RESTART|SA_SIGINFO
SIGINT: [libjvm.dylib+0x48aa65], sa_mask[0]=11111111111111111111111111111111, sa_flags=SA_RESTART|SA_SIGINFO
SIGTERM: [libjvm.dylib+0x48aa65], sa_mask[0]=11111111111111111111111111111111, sa_flags=SA_RESTART|SA_SIGINFO
SIGQUIT: [libjvm.dylib+0x48aa65], sa_mask[0]=11111111111111111111111111111111, sa_flags=SA_RESTART|SA_SIGINFO


---------------  S Y S T E M  ---------------

OS:Bsduname:Darwin 20.6.0 Darwin Kernel Version 20.6.0: Wed Jun 23 00:26:27 PDT 2021; root:xnu-7195.141.2~5/RELEASE_ARM64_T8101 x86_64
rlimit: STACK 8176k, CORE 0k, NPROC 1333, NOFILE 10240, AS infinity
load average:3.68 6.43 108.88

CPU:total 8 (initial active 8) (1 cores per cpu, 1 threads per core) family 6 model 44 stepping 0, cmov, cx8, fxsr, mmx, sse, sse2, sse3, ssse3, sse4.1, sse4.2, popcnt, aes, clmul, tsc, tscinvbit, tscinv

Memory: 4k page, physical 8388608k(20720k free)

/proc/meminfo:


vm_info: Java HotSpot(TM) 64-Bit Server VM (25.201-b09) for bsd-amd64 JRE (1.8.0_201-b09), built on Dec 15 2018 18:35:23 by "java_re" with gcc 4.2.1 (Based on Apple Inc. build 5658) (LLVM build 2336.11.00)

time: Thu Dec 23 13:19:32 2021
timezone: KST
elapsed time: 45598 seconds (0d 12h 39m 58s)

